<?xml version="1.0" encoding="UTF-8"?>
<testsuite name="edu.utdallas.cs2336.TestTwoElementList" tests="2" skipped="0" failures="0" errors="0" timestamp="2024-10-14T22:18:48" hostname="Aamers-MacBook-Pro.local" time="0.001">
  <properties/>
  <testcase name="testExceptions()" classname="edu.utdallas.cs2336.TestTwoElementList" time="0.0"/>
  <testcase name="testLegalUse()" classname="edu.utdallas.cs2336.TestTwoElementList" time="0.0"/>
  <system-out><![CDATA[]]></system-out>
  <system-err><![CDATA[]]></system-err>
</testsuite>
