<?xml version="1.0" encoding="UTF-8"?>
<testsuite name="edu.utdallas.cs2336.TestKeepSortedList" tests="2" skipped="0" failures="0" errors="0" timestamp="2024-10-14T22:18:48" hostname="Aamers-MacBook-Pro.local" time="0.003">
  <properties/>
  <testcase name="testAddSingle()" classname="edu.utdallas.cs2336.TestKeepSortedList" time="0.0"/>
  <testcase name="testAddAll()" classname="edu.utdallas.cs2336.TestKeepSortedList" time="0.002"/>
  <system-out><![CDATA[]]></system-out>
  <system-err><![CDATA[]]></system-err>
</testsuite>
