<?xml version="1.0" encoding="UTF-8"?>
<testsuite name="edu.utdallas.cs2336.TestEvensOnly" tests="2" skipped="0" failures="0" errors="0" timestamp="2024-10-14T22:18:48" hostname="Aamers-MacBook-Pro.local" time="0.006">
  <properties/>
  <testcase name="testException()" classname="edu.utdallas.cs2336.TestEvensOnly" time="0.005"/>
  <testcase name="testNoException()" classname="edu.utdallas.cs2336.TestEvensOnly" time="0.0"/>
  <system-out><![CDATA[]]></system-out>
  <system-err><![CDATA[]]></system-err>
</testsuite>
